<?xml version="1.0" encoding="UTF-8"?>
<!-- Generated by org.testng.reporters.JUnitReportReporter -->
<testsuite skipped="0" hostname="Vishakha" name="javaPackage.Sujata" tests="1" failures="0" timestamp="2020-07-18T18:18:07 IST" time="16.406" errors="0">
  <testcase name="bookList" time="16.406" classname="javaPackage.Sujata"/>
  <system-out/>
</testsuite> <!-- javaPackage.Sujata -->
