<?xml version="1.0" encoding="UTF-8"?>
<!-- Generated by org.testng.reporters.JUnitReportReporter -->
<testsuite skipped="0" hostname="Vishakha" name="tpTry.Animal" tests="1" failures="0" timestamp="2020-07-22T22:29:33 IST" time="0.001" errors="0">
  <testcase name="printA" time="0.001" classname="tpTry.Animal"/>
  <system-out/>
</testsuite> <!-- tpTry.Animal -->
