<?xml version="1.0" encoding="UTF-8"?>
<!-- Generated by org.testng.reporters.JUnitReportReporter -->
<testsuite skipped="0" hostname="Vishakha" name="javaPackage.Test1" tests="1" failures="0" timestamp="2020-07-03T20:55:01 IST" time="22.545" errors="0">
  <testcase name="dropDownselect" time="22.545" classname="javaPackage.Test1"/>
  <system-out/>
</testsuite> <!-- javaPackage.Test1 -->
