<?xml version="1.0" encoding="UTF-8"?>
<!-- Generated by org.testng.reporters.JUnitReportReporter -->
<testsuite skipped="0" hostname="Vishakha" name="tpTry.Dog" tests="1" failures="0" timestamp="2020-07-22T22:29:33 IST" time="0.017" errors="0">
  <testcase name="printA" time="0.017" classname="tpTry.Dog"/>
  <system-out/>
</testsuite> <!-- tpTry.Dog -->
